Started GET "/" for ::1 at 2024-05-17 17:08:35 -0400
  [1m[35m (1.2ms)[0m  [1m[35mCREATE TABLE "schema_migrations" ("version" varchar NOT NULL PRIMARY KEY)[0m
  [1m[35m (0.2ms)[0m  [1m[35mCREATE TABLE "ar_internal_metadata" ("key" varchar NOT NULL PRIMARY KEY, "value" varchar, "created_at" datetime(6) NOT NULL, "updated_at" datetime(6) NOT NULL)[0m
  [1m[36mActiveRecord::SchemaMigration Load (0.1ms)[0m  [1m[34mSELECT "schema_migrations"."version" FROM "schema_migrations" ORDER BY "schema_migrations"."version" ASC[0m
Processing by Rails::WelcomeController#index as HTML
  Rendering /home/k/.rbenv/versions/3.3.0/lib/ruby/gems/3.3.0/gems/railties-7.1.3.3/lib/rails/templates/rails/welcome/index.html.erb
  Rendered /home/k/.rbenv/versions/3.3.0/lib/ruby/gems/3.3.0/gems/railties-7.1.3.3/lib/rails/templates/rails/welcome/index.html.erb (Duration: 0.5ms | Allocations: 375)
Completed 200 OK in 14ms (Views: 4.9ms | ActiveRecord: 0.0ms | Allocations: 7759)


Started GET "/" for ::1 at 2024-05-17 17:15:50 -0400
  [1m[36mActiveRecord::SchemaMigration Load (0.1ms)[0m  [1m[34mSELECT "schema_migrations"."version" FROM "schema_migrations" ORDER BY "schema_migrations"."version" ASC[0m
Processing by Rails::WelcomeController#index as HTML
  Rendering /home/k/.rbenv/versions/3.3.0/lib/ruby/gems/3.3.0/gems/railties-7.1.3.3/lib/rails/templates/rails/welcome/index.html.erb
  Rendered /home/k/.rbenv/versions/3.3.0/lib/ruby/gems/3.3.0/gems/railties-7.1.3.3/lib/rails/templates/rails/welcome/index.html.erb (Duration: 0.6ms | Allocations: 374)
Completed 200 OK in 6ms (Views: 2.5ms | ActiveRecord: 0.0ms | Allocations: 4317)


Started GET "/index" for ::1 at 2024-05-17 17:16:00 -0400
  
ActionController::RoutingError (No route matches [GET] "/index"):
  
Started GET "/articles" for ::1 at 2024-05-17 17:16:27 -0400
Processing by ArticlesController#index as HTML
  Rendering layout layouts/application.html.erb
  Rendering articles/index.html.erb within layouts/application
  Rendered articles/index.html.erb within layouts/application (Duration: 0.2ms | Allocations: 94)
  Rendered layout layouts/application.html.erb (Duration: 211.3ms | Allocations: 98197)
Completed 200 OK in 214ms (Views: 212.5ms | ActiveRecord: 0.0ms | Allocations: 99118)


Started GET "/articles" for ::1 at 2024-05-17 17:16:33 -0400
Processing by ArticlesController#index as HTML
  Rendering layout layouts/application.html.erb
  Rendering articles/index.html.erb within layouts/application
  Rendered articles/index.html.erb within layouts/application (Duration: 0.2ms | Allocations: 95)
  Rendered layout layouts/application.html.erb (Duration: 12.0ms | Allocations: 17923)
Completed 200 OK in 13ms (Views: 12.8ms | ActiveRecord: 0.0ms | Allocations: 18842)


Started GET "/" for ::1 at 2024-05-17 17:17:41 -0400
Processing by ArticlesController#index as HTML
  Rendering layout layouts/application.html.erb
  Rendering articles/index.html.erb within layouts/application
  Rendered articles/index.html.erb within layouts/application (Duration: 0.2ms | Allocations: 92)
  Rendered layout layouts/application.html.erb (Duration: 8.6ms | Allocations: 15472)
Completed 200 OK in 10ms (Views: 9.5ms | ActiveRecord: 0.0ms | Allocations: 16391)


  [1m[36mActiveRecord::InternalMetadata Load (0.1ms)[0m  [1m[34mSELECT * FROM "ar_internal_metadata" WHERE "ar_internal_metadata"."key" = ? ORDER BY "ar_internal_metadata"."key" ASC LIMIT 1[0m  [[nil, "environment"]]
  [1m[36mActiveRecord::InternalMetadata Create (4.7ms)[0m  [1m[32mINSERT INTO "ar_internal_metadata" ("key", "value", "created_at", "updated_at") VALUES ('environment', 'development', '2024-05-17 21:21:19.891417', '2024-05-17 21:21:19.891420') RETURNING "key"[0m
  [1m[36mActiveRecord::SchemaMigration Load (0.0ms)[0m  [1m[34mSELECT "schema_migrations"."version" FROM "schema_migrations" ORDER BY "schema_migrations"."version" ASC[0m
Migrating to CreateArticles (20240517211913)
  [1m[36mTRANSACTION (0.0ms)[0m  [1m[36mbegin transaction[0m
  [1m[35m (0.6ms)[0m  [1m[35mCREATE TABLE "articles" ("id" integer PRIMARY KEY AUTOINCREMENT NOT NULL, "title" varchar, "body" text, "created_at" datetime(6) NOT NULL, "updated_at" datetime(6) NOT NULL)[0m
  [1m[36mActiveRecord::SchemaMigration Create (0.1ms)[0m  [1m[32mINSERT INTO "schema_migrations" ("version") VALUES ('20240517211913') RETURNING "version"[0m
  [1m[36mTRANSACTION (0.1ms)[0m  [1m[36mcommit transaction[0m
  [1m[36mActiveRecord::SchemaMigration Load (0.0ms)[0m  [1m[34mSELECT "schema_migrations"."version" FROM "schema_migrations" ORDER BY "schema_migrations"."version" ASC[0m
  [1m[36mTRANSACTION (0.1ms)[0m  [1m[36mbegin transaction[0m
  [1m[36mArticle Create (0.7ms)[0m  [1m[32mINSERT INTO "articles" ("title", "body", "created_at", "updated_at") VALUES (?, ?, ?, ?) RETURNING "id"[0m  [["title", "Hello Rails"], ["body", "I am on Rails!"], ["created_at", "2024-05-17 21:26:02.804194"], ["updated_at", "2024-05-17 21:26:02.804194"]]
  [1m[36mTRANSACTION (0.2ms)[0m  [1m[36mcommit transaction[0m
Started GET "/" for ::1 at 2024-05-17 17:33:03 -0400
  [1m[36mActiveRecord::SchemaMigration Load (0.1ms)[0m  [1m[34mSELECT "schema_migrations"."version" FROM "schema_migrations" ORDER BY "schema_migrations"."version" ASC[0m
Processing by ArticlesController#index as HTML
  Rendering layout layouts/application.html.erb
  Rendering articles/index.html.erb within layouts/application
  [1m[36mArticle Load (0.1ms)[0m  [1m[34mSELECT "articles".* FROM "articles"[0m
  ↳ app/views/articles/index.html.erb:4
  Rendered articles/index.html.erb within layouts/application (Duration: 9.9ms | Allocations: 9678)
  Rendered layout layouts/application.html.erb (Duration: 62.2ms | Allocations: 45326)
Completed 200 OK in 79ms (Views: 63.0ms | ActiveRecord: 1.3ms | Allocations: 56450)


Started GET "/articles/1" for ::1 at 2024-05-17 17:37:55 -0400
  
ActionController::RoutingError (uninitialized constant ArticleController):
  
Started GET "/articles/1" for ::1 at 2024-05-17 17:38:20 -0400
  [1m[36mActiveRecord::SchemaMigration Load (0.1ms)[0m  [1m[34mSELECT "schema_migrations"."version" FROM "schema_migrations" ORDER BY "schema_migrations"."version" ASC[0m
  
ActionController::RoutingError (uninitialized constant ArticleController):
  
Started GET "/articles/1" for ::1 at 2024-05-17 17:39:30 -0400
Processing by ArticlesController#show as HTML
  Parameters: {"id"=>"1"}
  [1m[36mArticle Load (0.1ms)[0m  [1m[34mSELECT "articles".* FROM "articles" WHERE "articles"."id" = ? LIMIT ?[0m  [["id", 1], ["LIMIT", 1]]
  ↳ app/controllers/articles_controller.rb:7:in `show'
  Rendering layout layouts/application.html.erb
  Rendering articles/show.html.erb within layouts/application
  Rendered articles/show.html.erb within layouts/application (Duration: 0.2ms | Allocations: 153)
  Rendered layout layouts/application.html.erb (Duration: 31.3ms | Allocations: 34552)
Completed 200 OK in 74ms (Views: 32.3ms | ActiveRecord: 1.5ms | Allocations: 53598)


Started GET "/articles/1" for ::1 at 2024-05-17 17:40:57 -0400
Processing by ArticlesController#show as HTML
  Parameters: {"id"=>"1"}
  [1m[36mArticle Load (0.1ms)[0m  [1m[34mSELECT "articles".* FROM "articles" WHERE "articles"."id" = ? LIMIT ?[0m  [["id", 1], ["LIMIT", 1]]
  ↳ app/controllers/articles_controller.rb:7:in `show'
  Rendering layout layouts/application.html.erb
  Rendering articles/show.html.erb within layouts/application
  Rendered articles/show.html.erb within layouts/application (Duration: 0.3ms | Allocations: 138)
  Rendered layout layouts/application.html.erb (Duration: 8.3ms | Allocations: 15630)
Completed 200 OK in 15ms (Views: 9.2ms | ActiveRecord: 1.3ms | Allocations: 21020)


Started GET "/articles/" for ::1 at 2024-05-17 17:41:00 -0400
Processing by ArticlesController#index as HTML
  Rendering layout layouts/application.html.erb
  Rendering articles/index.html.erb within layouts/application
  [1m[36mArticle Load (0.2ms)[0m  [1m[34mSELECT "articles".* FROM "articles"[0m
  ↳ app/views/articles/index.html.erb:4
  Rendered articles/index.html.erb within layouts/application (Duration: 2.9ms | Allocations: 655)
  Rendered layout layouts/application.html.erb (Duration: 7.7ms | Allocations: 1924)
Completed 200 OK in 9ms (Views: 8.1ms | ActiveRecord: 0.1ms | Allocations: 2256)


Started GET "/articles/" for ::1 at 2024-05-17 17:45:01 -0400
Processing by ArticlesController#index as HTML
  Rendering layout layouts/application.html.erb
  Rendering articles/index.html.erb within layouts/application
  [1m[36mArticle Load (0.1ms)[0m  [1m[34mSELECT "articles".* FROM "articles"[0m
  ↳ app/views/articles/index.html.erb:4
  Rendered articles/index.html.erb within layouts/application (Duration: 4.1ms | Allocations: 3544)
  Rendered layout layouts/application.html.erb (Duration: 12.7ms | Allocations: 19048)
Completed 200 OK in 15ms (Views: 12.2ms | ActiveRecord: 1.4ms | Allocations: 20699)


Started GET "/articles/1" for ::1 at 2024-05-17 17:45:02 -0400
Processing by ArticlesController#show as HTML
  Parameters: {"id"=>"1"}
  [1m[36mArticle Load (0.1ms)[0m  [1m[34mSELECT "articles".* FROM "articles" WHERE "articles"."id" = ? LIMIT ?[0m  [["id", 1], ["LIMIT", 1]]
  ↳ app/controllers/articles_controller.rb:7:in `show'
  Rendering layout layouts/application.html.erb
  Rendering articles/show.html.erb within layouts/application
  Rendered articles/show.html.erb within layouts/application (Duration: 0.3ms | Allocations: 127)
  Rendered layout layouts/application.html.erb (Duration: 1.6ms | Allocations: 1377)
Completed 200 OK in 3ms (Views: 1.8ms | ActiveRecord: 0.1ms | Allocations: 2680)


Started GET "/articles/1" for ::1 at 2024-05-17 18:01:21 -0400
  
SyntaxError (/home/k/Ruby/blog/app/controllers/articles_controller.rb:18: syntax error, unexpected local variable or method, expecting `do' or '{' or '('
      redirect_to article :
                  ^~~~~~~
):
  
app/controllers/articles_controller.rb:18: syntax error, unexpected local variable or method, expecting `do' or '{' or '('
Started GET "/articles/" for ::1 at 2024-05-17 18:01:23 -0400
  
SyntaxError (/home/k/Ruby/blog/app/controllers/articles_controller.rb:18: syntax error, unexpected local variable or method, expecting `do' or '{' or '('
      redirect_to article :
                  ^~~~~~~
):
  
app/controllers/articles_controller.rb:18: syntax error, unexpected local variable or method, expecting `do' or '{' or '('
Started GET "/articles/" for ::1 at 2024-05-17 18:02:11 -0400
  
SyntaxError (/home/k/Ruby/blog/app/controllers/articles_controller.rb:27: syntax error, unexpected end-of-input, expecting `end' or dummy end):
  
app/controllers/articles_controller.rb:27: syntax error, unexpected end-of-input, expecting `end' or dummy end
Started GET "/articles/" for ::1 at 2024-05-17 18:02:27 -0400
Processing by ArticlesController#index as HTML
  Rendering layout layouts/application.html.erb
  Rendering articles/index.html.erb within layouts/application
  [1m[36mArticle Load (1.0ms)[0m  [1m[34mSELECT "articles".* FROM "articles"[0m
  ↳ app/views/articles/index.html.erb:4
  Rendered articles/index.html.erb within layouts/application (Duration: 5.4ms | Allocations: 3114)
  Rendered layout layouts/application.html.erb (Duration: 20.7ms | Allocations: 18602)
Completed 200 OK in 25ms (Views: 20.8ms | ActiveRecord: 1.6ms | Allocations: 20440)


Started GET "/articles/1" for ::1 at 2024-05-17 18:02:29 -0400
Processing by ArticlesController#show as HTML
  Parameters: {"id"=>"1"}
  [1m[36mArticle Load (0.1ms)[0m  [1m[34mSELECT "articles".* FROM "articles" WHERE "articles"."id" = ? LIMIT ?[0m  [["id", 1], ["LIMIT", 1]]
  ↳ app/controllers/articles_controller.rb:7:in `show'
  Rendering layout layouts/application.html.erb
  Rendering articles/show.html.erb within layouts/application
  Rendered articles/show.html.erb within layouts/application (Duration: 0.4ms | Allocations: 129)
  Rendered layout layouts/application.html.erb (Duration: 2.2ms | Allocations: 1379)
Completed 200 OK in 5ms (Views: 3.1ms | ActiveRecord: 0.1ms | Allocations: 2677)


Started GET "/articles/new" for ::1 at 2024-05-17 18:02:30 -0400
Processing by ArticlesController#new as HTML
  Rendering layout layouts/application.html.erb
  Rendering articles/new.html.erb within layouts/application
  Rendered articles/new.html.erb within layouts/application (Duration: 1.1ms | Allocations: 1362)
  Rendered layout layouts/application.html.erb (Duration: 1.2ms | Allocations: 1463)
Completed 500 Internal Server Error in 2ms (ActiveRecord: 0.0ms | Allocations: 1851)


  
ActionView::SyntaxErrorInTemplate (Encountered a syntax error while rendering template: check <h1>New Article</h1>

<%= form_with model: @article do |form| %>
  <div>
    <%= form.label :title %><br>
    <%= form.text_field :title %>
    <% @article.errors.full_message_for(:title.each do |message|) %>
      <div><%= message %></div>
    <% end %>
  </div>

  <div>
    <%= form.label :body %><br>
    <%= form.text_area :body %>
    <% @article.errors.full_messages_for(:body).each do |message| %>
      <div><%= message %></div>
    <% end %>
  </div>

  <div>
    <%= form.submit %>
  </div>
<% end %>
):
1:    <h1>New Article</h1>
2:    
3:    <%= form_with model: @article do |form| %>
4:      <div>
5:        <%= form.label :title %><br>
6:        <%= form.text_field :title %>
7:        <% @article.errors.full_message_for(:title.each do |message|) %>
8:          <div><%= message %></div>
9:        <% end %>
10:      </div>
11:    
12:      <div>
13:        <%= form.label :body %><br>
14:        <%= form.text_area :body %>
15:        <% @article.errors.full_messages_for(:body).each do |message| %>
16:          <div><%= message %></div>
17:        <% end %>
18:      </div>
19:    
20:      <div>
21:        <%= form.submit %>
22:      </div>
23:    <% end %>
  
app/views/articles/new.html.erb:7: syntax error, unexpected ')'
app/views/articles/new.html.erb:25: syntax error, unexpected `end'
Started GET "/articles/" for ::1 at 2024-05-17 18:03:38 -0400
Processing by ArticlesController#index as HTML
  Rendering layout layouts/application.html.erb
  Rendering articles/index.html.erb within layouts/application
  [1m[36mArticle Load (0.1ms)[0m  [1m[34mSELECT "articles".* FROM "articles"[0m
  ↳ app/views/articles/index.html.erb:4
  Rendered articles/index.html.erb within layouts/application (Duration: 6.5ms | Allocations: 3535)
  Rendered layout layouts/application.html.erb (Duration: 15.2ms | Allocations: 19022)
Completed 200 OK in 17ms (Views: 14.7ms | ActiveRecord: 1.3ms | Allocations: 20803)


Started GET "/articles/new" for ::1 at 2024-05-17 18:03:40 -0400
Processing by ArticlesController#new as HTML
  Rendering layout layouts/application.html.erb
  Rendering articles/new.html.erb within layouts/application
  Rendered articles/new.html.erb within layouts/application (Duration: 2.5ms | Allocations: 2429)
  Rendered layout layouts/application.html.erb (Duration: 2.6ms | Allocations: 2520)
Completed 500 Internal Server Error in 3ms (ActiveRecord: 0.0ms | Allocations: 2848)


  
ActionView::Template::Error (undefined method `full_message_for' for an instance of ActiveModel::Errors):
    4:   <div>
    5:     <%= form.label :title %><br>
    6:     <%= form.text_field :title %>
    7:     <% @article.errors.full_message_for(:title).each do |message| %>
    8:       <div><%= message %></div>
    9:     <% end %>
   10:   </div>
  
app/views/articles/new.html.erb:7
app/views/articles/new.html.erb:3
Started GET "/articles/" for ::1 at 2024-05-17 18:04:27 -0400
Processing by ArticlesController#index as HTML
  Rendering layout layouts/application.html.erb
  Rendering articles/index.html.erb within layouts/application
  [1m[36mArticle Load (0.1ms)[0m  [1m[34mSELECT "articles".* FROM "articles"[0m
  ↳ app/views/articles/index.html.erb:4
  Rendered articles/index.html.erb within layouts/application (Duration: 4.5ms | Allocations: 3523)
  Rendered layout layouts/application.html.erb (Duration: 13.5ms | Allocations: 19011)
Completed 200 OK in 16ms (Views: 13.0ms | ActiveRecord: 1.4ms | Allocations: 20797)


Started GET "/articles/new" for ::1 at 2024-05-17 18:04:29 -0400
Processing by ArticlesController#new as HTML
  Rendering layout layouts/application.html.erb
  Rendering articles/new.html.erb within layouts/application
  Rendered articles/new.html.erb within layouts/application (Duration: 3.5ms | Allocations: 1446)
  Rendered layout layouts/application.html.erb (Duration: 4.6ms | Allocations: 2532)
Completed 200 OK in 6ms (Views: 5.0ms | ActiveRecord: 0.0ms | Allocations: 2872)


Started POST "/articles" for ::1 at 2024-05-17 18:04:58 -0400
Processing by ArticlesController#create as TURBO_STREAM
  Parameters: {"authenticity_token"=>"[FILTERED]", "article"=>{"title"=>"Second Article", "body"=>"Lorem ipsum"}, "commit"=>"Create Article"}
  Rendering layout layouts/application.html.erb
  Rendering articles/new.html.erb within layouts/application
  Rendered articles/new.html.erb within layouts/application (Duration: 1.6ms | Allocations: 1438)
  Rendered layout layouts/application.html.erb (Duration: 3.1ms | Allocations: 2520)
Completed 500 Internal Server Error in 5ms (Views: 3.5ms | ActiveRecord: 0.0ms | Allocations: 4216)


  
NameError (undefined local variable or method `private' for an instance of ArticlesController):
  
app/controllers/articles_controller.rb:23:in `create'
Started GET "/articles/" for ::1 at 2024-05-17 18:06:07 -0400
Processing by ArticlesController#index as HTML
  Rendering layout layouts/application.html.erb
  Rendering articles/index.html.erb within layouts/application
  [1m[36mArticle Load (0.1ms)[0m  [1m[34mSELECT "articles".* FROM "articles"[0m
  ↳ app/views/articles/index.html.erb:4
  Rendered articles/index.html.erb within layouts/application (Duration: 5.0ms | Allocations: 3525)
  Rendered layout layouts/application.html.erb (Duration: 13.2ms | Allocations: 19016)
Completed 200 OK in 17ms (Views: 13.1ms | ActiveRecord: 1.5ms | Allocations: 20800)


Started GET "/articles/new" for ::1 at 2024-05-17 18:06:09 -0400
Processing by ArticlesController#new as HTML
  Rendering layout layouts/application.html.erb
  Rendering articles/new.html.erb within layouts/application
  Rendered articles/new.html.erb within layouts/application (Duration: 1.4ms | Allocations: 1112)
  Rendered layout layouts/application.html.erb (Duration: 2.6ms | Allocations: 2198)
Completed 200 OK in 3ms (Views: 2.9ms | ActiveRecord: 0.0ms | Allocations: 2537)


Started POST "/articles" for ::1 at 2024-05-17 18:06:17 -0400
Processing by ArticlesController#create as TURBO_STREAM
  Parameters: {"authenticity_token"=>"[FILTERED]", "article"=>{"title"=>"Second Article", "body"=>"Lorem ipsum"}, "commit"=>"Create Article"}
  Rendering layout layouts/application.html.erb
  Rendering articles/new.html.erb within layouts/application
  Rendered articles/new.html.erb within layouts/application (Duration: 1.4ms | Allocations: 1330)
  Rendered layout layouts/application.html.erb (Duration: 2.8ms | Allocations: 2427)
Completed 422 Unprocessable Entity in 7ms (Views: 3.1ms | ActiveRecord: 0.0ms | Allocations: 3582)


Started POST "/articles" for ::1 at 2024-05-17 18:06:40 -0400
Processing by ArticlesController#create as TURBO_STREAM
  Parameters: {"authenticity_token"=>"[FILTERED]", "article"=>{"title"=>"Second Article", "body"=>"Lorem ipsum foo"}, "commit"=>"Create Article"}
  Rendering layout layouts/application.html.erb
  Rendering articles/new.html.erb within layouts/application
  Rendered articles/new.html.erb within layouts/application (Duration: 1.8ms | Allocations: 1322)
  Rendered layout layouts/application.html.erb (Duration: 4.0ms | Allocations: 2412)
Completed 422 Unprocessable Entity in 6ms (Views: 4.5ms | ActiveRecord: 0.0ms | Allocations: 3407)


Started POST "/articles" for ::1 at 2024-05-17 18:07:14 -0400
Processing by ArticlesController#create as TURBO_STREAM
  Parameters: {"authenticity_token"=>"[FILTERED]", "article"=>{"title"=>"Second Article", "body"=>"Lorem ipsum dolor sit amet, consectetur adipiscing elit, sed do eiusmod tempor incididunt ut labore et dolore magna aliqua. Ut enim ad minim veniam, quis nostrud exercitation ullamco laboris nisi ut aliquip ex ea commodo consequat. Duis aute irure dolor in reprehenderit in voluptate velit esse cillum dolore eu fugiat nulla pariatur. Excepteur sint occaecat cupidatat non proident, sunt in culpa qui officia deserunt mollit anim id est laborum."}, "commit"=>"Create Article"}
  Rendering layout layouts/application.html.erb
  Rendering articles/new.html.erb within layouts/application
  Rendered articles/new.html.erb within layouts/application (Duration: 1.1ms | Allocations: 1322)
  Rendered layout layouts/application.html.erb (Duration: 2.3ms | Allocations: 2410)
Completed 422 Unprocessable Entity in 4ms (Views: 2.6ms | ActiveRecord: 0.0ms | Allocations: 3401)


Started GET "/articles/" for ::1 at 2024-05-17 18:14:05 -0400
Processing by ArticlesController#index as HTML
  Rendering layout layouts/application.html.erb
  Rendering articles/index.html.erb within layouts/application
  [1m[36mArticle Load (0.8ms)[0m  [1m[34mSELECT "articles".* FROM "articles"[0m
  ↳ app/views/articles/index.html.erb:4
  Rendered articles/index.html.erb within layouts/application (Duration: 3.9ms | Allocations: 3116)
  Rendered layout layouts/application.html.erb (Duration: 13.3ms | Allocations: 18605)
Completed 200 OK in 16ms (Views: 12.8ms | ActiveRecord: 1.3ms | Allocations: 20389)


Started GET "/articles/new" for ::1 at 2024-05-17 18:14:07 -0400
Processing by ArticlesController#new as HTML
  Rendering layout layouts/application.html.erb
  Rendering articles/new.html.erb within layouts/application
  Rendered articles/new.html.erb within layouts/application (Duration: 2.1ms | Allocations: 1097)
  Rendered layout layouts/application.html.erb (Duration: 3.8ms | Allocations: 2183)
Completed 200 OK in 5ms (Views: 4.2ms | ActiveRecord: 0.0ms | Allocations: 2522)


Started POST "/articles" for ::1 at 2024-05-17 18:14:11 -0400
Processing by ArticlesController#create as TURBO_STREAM
  Parameters: {"authenticity_token"=>"[FILTERED]", "article"=>{"title"=>"Second Article", "body"=>"Lorem ipsum dolor sit amet, consectetur adipiscing elit, sed do eiusmod tempor incididunt ut labore et dolore magna aliqua. Ut enim ad minim veniam, quis nostrud exercitation ullamco laboris nisi ut aliquip ex ea commodo consequat. Duis aute irure dolor in reprehenderit in voluptate velit esse cillum dolore eu fugiat nulla pariatur. Excepteur sint occaecat cupidatat non proident, sunt in culpa qui officia deserunt mollit anim id est laborum."}, "commit"=>"Create Article"}
  [1m[36mTRANSACTION (0.1ms)[0m  [1m[36mbegin transaction[0m
  ↳ app/controllers/articles_controller.rb:17:in `create'
  [1m[36mArticle Create (0.7ms)[0m  [1m[32mINSERT INTO "articles" ("title", "body", "created_at", "updated_at") VALUES (?, ?, ?, ?) RETURNING "id"[0m  [["title", "Second Article"], ["body", "Lorem ipsum dolor sit amet, consectetur adipiscing elit, sed do eiusmod tempor incididunt ut labore et dolore magna aliqua. Ut enim ad minim veniam, quis nostrud exercitation ullamco laboris nisi ut aliquip ex ea commodo consequat. Duis aute irure dolor in reprehenderit in voluptate velit esse cillum dolore eu fugiat nulla pariatur. Excepteur sint occaecat cupidatat non proident, sunt in culpa qui officia deserunt mollit anim id est laborum."], ["created_at", "2024-05-17 22:14:11.550299"], ["updated_at", "2024-05-17 22:14:11.550299"]]
  ↳ app/controllers/articles_controller.rb:17:in `create'
  [1m[36mTRANSACTION (1.2ms)[0m  [1m[36mcommit transaction[0m
  ↳ app/controllers/articles_controller.rb:17:in `create'
Completed 500 Internal Server Error in 5ms (ActiveRecord: 2.0ms | Allocations: 3271)


  
NameError (undefined local variable or method `article' for an instance of ArticlesController):
  
app/controllers/articles_controller.rb:18:in `create'
Started GET "/articles/" for ::1 at 2024-05-17 18:14:42 -0400
Processing by ArticlesController#index as HTML
  Rendering layout layouts/application.html.erb
  Rendering articles/index.html.erb within layouts/application
  [1m[36mArticle Load (0.1ms)[0m  [1m[34mSELECT "articles".* FROM "articles"[0m
  ↳ app/views/articles/index.html.erb:4
  Rendered articles/index.html.erb within layouts/application (Duration: 6.5ms | Allocations: 3559)
  Rendered layout layouts/application.html.erb (Duration: 17.8ms | Allocations: 19029)
Completed 200 OK in 21ms (Views: 17.4ms | ActiveRecord: 1.7ms | Allocations: 20815)


Started GET "/articles/" for ::1 at 2024-05-17 18:14:42 -0400
Processing by ArticlesController#index as HTML
  Rendering layout layouts/application.html.erb
  Rendering articles/index.html.erb within layouts/application
  [1m[36mArticle Load (0.1ms)[0m  [1m[34mSELECT "articles".* FROM "articles"[0m
  ↳ app/views/articles/index.html.erb:4
  Rendered articles/index.html.erb within layouts/application (Duration: 1.0ms | Allocations: 495)
  Rendered layout layouts/application.html.erb (Duration: 2.7ms | Allocations: 1733)
Completed 200 OK in 3ms (Views: 3.0ms | ActiveRecord: 0.1ms | Allocations: 1987)


Started GET "/articles/" for ::1 at 2024-05-17 18:14:44 -0400
Processing by ArticlesController#index as HTML
  Rendering layout layouts/application.html.erb
  Rendering articles/index.html.erb within layouts/application
  [1m[36mArticle Load (0.1ms)[0m  [1m[34mSELECT "articles".* FROM "articles"[0m
  ↳ app/views/articles/index.html.erb:4
  Rendered articles/index.html.erb within layouts/application (Duration: 1.4ms | Allocations: 494)
  Rendered layout layouts/application.html.erb (Duration: 3.4ms | Allocations: 1747)
Completed 200 OK in 4ms (Views: 3.8ms | ActiveRecord: 0.1ms | Allocations: 2001)


Started GET "/articles/new" for ::1 at 2024-05-17 18:14:44 -0400
Processing by ArticlesController#new as HTML
  Rendering layout layouts/application.html.erb
  Rendering articles/new.html.erb within layouts/application
  Rendered articles/new.html.erb within layouts/application (Duration: 1.4ms | Allocations: 1109)
  Rendered layout layouts/application.html.erb (Duration: 5.3ms | Allocations: 2202)
Completed 200 OK in 6ms (Views: 5.7ms | ActiveRecord: 0.0ms | Allocations: 2542)


Started POST "/articles" for ::1 at 2024-05-17 18:14:47 -0400
Processing by ArticlesController#create as TURBO_STREAM
  Parameters: {"authenticity_token"=>"[FILTERED]", "article"=>{"title"=>"Second Article", "body"=>"Lorem ipsum dolor sit amet, consectetur adipiscing elit, sed do eiusmod tempor incididunt ut labore et dolore magna aliqua. Ut enim ad minim veniam, quis nostrud exercitation ullamco laboris nisi ut aliquip ex ea commodo consequat. Duis aute irure dolor in reprehenderit in voluptate velit esse cillum dolore eu fugiat nulla pariatur. Excepteur sint occaecat cupidatat non proident, sunt in culpa qui officia deserunt mollit anim id est laborum."}, "commit"=>"Create Article"}
  [1m[36mTRANSACTION (0.1ms)[0m  [1m[36mbegin transaction[0m
  ↳ app/controllers/articles_controller.rb:17:in `create'
  [1m[36mArticle Create (1.0ms)[0m  [1m[32mINSERT INTO "articles" ("title", "body", "created_at", "updated_at") VALUES (?, ?, ?, ?) RETURNING "id"[0m  [["title", "Second Article"], ["body", "Lorem ipsum dolor sit amet, consectetur adipiscing elit, sed do eiusmod tempor incididunt ut labore et dolore magna aliqua. Ut enim ad minim veniam, quis nostrud exercitation ullamco laboris nisi ut aliquip ex ea commodo consequat. Duis aute irure dolor in reprehenderit in voluptate velit esse cillum dolore eu fugiat nulla pariatur. Excepteur sint occaecat cupidatat non proident, sunt in culpa qui officia deserunt mollit anim id est laborum."], ["created_at", "2024-05-17 22:14:47.911995"], ["updated_at", "2024-05-17 22:14:47.911995"]]
  ↳ app/controllers/articles_controller.rb:17:in `create'
  [1m[36mTRANSACTION (1.2ms)[0m  [1m[36mcommit transaction[0m
  ↳ app/controllers/articles_controller.rb:17:in `create'
Redirected to http://localhost:3000/articles/3
Completed 302 Found in 7ms (ActiveRecord: 2.3ms | Allocations: 2203)


Started GET "/articles/3" for ::1 at 2024-05-17 18:14:47 -0400
Processing by ArticlesController#show as TURBO_STREAM
  Parameters: {"id"=>"3"}
  [1m[36mArticle Load (0.1ms)[0m  [1m[34mSELECT "articles".* FROM "articles" WHERE "articles"."id" = ? LIMIT ?[0m  [["id", 3], ["LIMIT", 1]]
  ↳ app/controllers/articles_controller.rb:7:in `show'
  Rendering layout layouts/application.html.erb
  Rendering articles/show.html.erb within layouts/application
  Rendered articles/show.html.erb within layouts/application (Duration: 0.3ms | Allocations: 130)
  Rendered layout layouts/application.html.erb (Duration: 2.1ms | Allocations: 1402)
Completed 200 OK in 4ms (Views: 2.4ms | ActiveRecord: 0.1ms | Allocations: 2741)


